{
  "stats": {
    "suites": 1,
    "tests": 12,
    "passes": 2,
    "pending": 0,
    "failures": 10,
    "start": "2025-01-30T08:35:25.454Z",
    "end": "2025-01-30T08:36:18.891Z",
    "duration": 53437,
    "testsRegistered": 12,
    "passPercent": 16.666666666666664,
    "pendingPercent": 0,
    "other": 0,
    "hasOther": false,
    "skipped": 0,
    "hasSkipped": false
  },
  "results": [
    {
      "uuid": "5716b847-1357-42e4-8842-5b75d4709575",
      "title": "",
      "fullFile": "cypress/e2e/spec.cy.js",
      "file": "cypress/e2e/spec.cy.js",
      "beforeHooks": [],
      "afterHooks": [],
      "tests": [],
      "suites": [
        {
          "uuid": "76cfa7c3-3771-4963-9d71-fdfe255249e6",
          "title": "Expense Tracker Tests",
          "fullFile": "",
          "file": "",
          "beforeHooks": [],
          "afterHooks": [],
          "tests": [
            {
              "title": "should load the home page correctly",
              "fullTitle": "Expense Tracker Tests should load the home page correctly",
              "timedOut": null,
              "duration": 9381,
              "state": "failed",
              "speed": null,
              "pass": false,
              "fail": true,
              "pending": false,
              "context": null,
              "code": "cy.contains('Expense Tracker'); // Check if the heading is present\ncy.get('h1').should('have.text', 'Expense Tracker');",
              "err": {
                "message": "AssertionError: Timed out retrying after 4000ms: expected '[ <h1.text-center.text-md-start.style_heading__VIgdl>, 5 more... ]' to have text 'Expense Tracker', but the text was 'Expense TrackerWallet Balance:₹5000Expenses:₹0Recent TransactionsNo transactions!Top Expenses'",
                "estack": "AssertionError: Timed out retrying after 4000ms: expected '[ <h1.text-center.text-md-start.style_heading__VIgdl>, 5 more... ]' to have text 'Expense Tracker', but the text was 'Expense TrackerWallet Balance:₹5000Expenses:₹0Recent TransactionsNo transactions!Top Expenses'\n    at Context.eval (webpack://expense_tracker/./cypress/e2e/spec.cy.js:9:15)",
                "diff": "- 'Expense TrackerWallet Balance:₹5000Expenses:₹0Recent TransactionsNo transactions!Top Expenses'\n+ 'Expense Tracker'\n"
              },
              "uuid": "c1af134d-eacd-4316-9d0a-12fdd3116229",
              "parentUUID": "76cfa7c3-3771-4963-9d71-fdfe255249e6",
              "isHook": false,
              "skipped": false
            },
            {
              "title": "should display wallet balance and expenses cards",
              "fullTitle": "Expense Tracker Tests should display wallet balance and expenses cards",
              "timedOut": null,
              "duration": 621,
              "state": "passed",
              "speed": "fast",
              "pass": true,
              "fail": false,
              "pending": false,
              "context": null,
              "code": "cy.contains('Wallet Balance'); // Check Wallet Balance card is present\ncy.contains('Expenses'); // Check Expenses card is present",
              "err": {},
              "uuid": "9b36c632-c6e2-4e59-9d23-8324d54291a2",
              "parentUUID": "76cfa7c3-3771-4963-9d71-fdfe255249e6",
              "isHook": false,
              "skipped": false
            },
            {
              "title": "should have a visible header with correct text",
              "fullTitle": "Expense Tracker Tests should have a visible header with correct text",
              "timedOut": null,
              "duration": 4740,
              "state": "failed",
              "speed": null,
              "pass": false,
              "fail": true,
              "pending": false,
              "context": null,
              "code": "// Check if the header exists and contains the correct text\ncy.get('h1').should('be.visible').and('have.text', 'Expense Tracker');",
              "err": {
                "message": "AssertionError: Timed out retrying after 4000ms: expected '[ <h1.text-center.text-md-start.style_heading__VIgdl>, 5 more... ]' to have text 'Expense Tracker', but the text was 'Expense TrackerWallet Balance:₹5000Expenses:₹0Recent TransactionsNo transactions!Top Expenses'",
                "estack": "AssertionError: Timed out retrying after 4000ms: expected '[ <h1.text-center.text-md-start.style_heading__VIgdl>, 5 more... ]' to have text 'Expense Tracker', but the text was 'Expense TrackerWallet Balance:₹5000Expenses:₹0Recent TransactionsNo transactions!Top Expenses'\n    at Context.eval (webpack://expense_tracker/./cypress/e2e/spec.cy.js:19:38)",
                "diff": "- 'Expense TrackerWallet Balance:₹5000Expenses:₹0Recent TransactionsNo transactions!Top Expenses'\n+ 'Expense Tracker'\n"
              },
              "uuid": "099b1d7f-f72d-45ac-b12f-c7b440251be8",
              "parentUUID": "76cfa7c3-3771-4963-9d71-fdfe255249e6",
              "isHook": false,
              "skipped": false
            },
            {
              "title": "should have a button to add income and it should be styled correctly",
              "fullTitle": "Expense Tracker Tests should have a button to add income and it should be styled correctly",
              "timedOut": null,
              "duration": 4494,
              "state": "failed",
              "speed": null,
              "pass": false,
              "fail": true,
              "pending": false,
              "context": null,
              "code": "// Check if the Add Income button is present\ncy.contains('+ Add Income').should('be.visible');\n// Check if the button is enabled and clickable\ncy.get('button').contains('+ Add Income').should('not.be.disabled').click();",
              "err": {
                "message": "AssertionError: Timed out retrying after 4000ms: Expected to find content: '+ Add Income' but never did.",
                "estack": "AssertionError: Timed out retrying after 4000ms: Expected to find content: '+ Add Income' but never did.\n    at Context.eval (webpack://expense_tracker/./cypress/e2e/spec.cy.js:24:32)",
                "diff": null
              },
              "uuid": "b84af04e-59ad-4086-93ca-d110b54b556f",
              "parentUUID": "76cfa7c3-3771-4963-9d71-fdfe255249e6",
              "isHook": false,
              "skipped": false
            },
            {
              "title": "should be responsive for mobile view",
              "fullTitle": "Expense Tracker Tests should be responsive for mobile view",
              "timedOut": null,
              "duration": 4642,
              "state": "failed",
              "speed": null,
              "pass": false,
              "fail": true,
              "pending": false,
              "context": null,
              "code": "// Check mobile view (iPhone 6)\ncy.viewport('iphone-6');\n// Ensure key elements are visible in mobile view\ncy.get('h1').should('be.visible');\ncy.contains('+ Add Income').should('be.visible');\ncy.contains('+ Add Expense').should('be.visible');\ncy.contains('Wallet Balance').should('be.visible');\ncy.contains('Expenses').should('be.visible');",
              "err": {
                "message": "AssertionError: Timed out retrying after 4000ms: Expected to find content: '+ Add Income' but never did.",
                "estack": "AssertionError: Timed out retrying after 4000ms: Expected to find content: '+ Add Income' but never did.\n    at Context.eval (webpack://expense_tracker/./cypress/e2e/spec.cy.js:35:32)",
                "diff": null
              },
              "uuid": "21315e9a-b4c2-44dd-8e8d-44ba12cbdba6",
              "parentUUID": "76cfa7c3-3771-4963-9d71-fdfe255249e6",
              "isHook": false,
              "skipped": false
            },
            {
              "title": "Loads the homepage correctly",
              "fullTitle": "Expense Tracker Tests Loads the homepage correctly",
              "timedOut": null,
              "duration": 437,
              "state": "passed",
              "speed": "fast",
              "pass": true,
              "fail": false,
              "pending": false,
              "context": null,
              "code": "// Check if the title is displayed\ncy.contains('h1', 'Expense Tracker').should('exist');\n// Check if cards are rendered\ncy.contains('Wallet Balance').should('exist');\ncy.contains('Expenses').should('exist');",
              "err": {},
              "uuid": "b759799d-5f39-45f8-b1a3-6d025be13070",
              "parentUUID": "76cfa7c3-3771-4963-9d71-fdfe255249e6",
              "isHook": false,
              "skipped": false
            },
            {
              "title": "Adds an income successfully",
              "fullTitle": "Expense Tracker Tests Adds an income successfully",
              "timedOut": null,
              "duration": 4827,
              "state": "failed",
              "speed": null,
              "pass": false,
              "fail": true,
              "pending": false,
              "context": null,
              "code": "// Open Add Income modal\ncy.contains('+ Add Income').click();\n// Fill the form and submit\ncy.get('input[type=\"number\"][placeholder=\"Income Amount\"]').type('2000');\ncy.get('button[type=\"submit\"]').contains('Add Balance').click();\n// Verify that balance is updated\ncy.contains('Wallet Balance').parent().contains('7000'); // Adjust based on initial state",
              "err": {
                "message": "AssertionError: Timed out retrying after 4000ms: Expected to find content: '+ Add Income' but never did.",
                "estack": "AssertionError: Timed out retrying after 4000ms: Expected to find content: '+ Add Income' but never did.\n    at Context.eval (webpack://expense_tracker/./cypress/e2e/spec.cy.js:54:7)",
                "diff": null
              },
              "uuid": "b1fb886a-5982-4d3a-92e2-677b2dac68fd",
              "parentUUID": "76cfa7c3-3771-4963-9d71-fdfe255249e6",
              "isHook": false,
              "skipped": false
            },
            {
              "title": "Displays added expense in the transaction list",
              "fullTitle": "Expense Tracker Tests Displays added expense in the transaction list",
              "timedOut": null,
              "duration": 4633,
              "state": "failed",
              "speed": null,
              "pass": false,
              "fail": true,
              "pending": false,
              "context": null,
              "code": "// Open Add Expense modal\ncy.contains('+ Add Expense').click();\n// Fill the form and submit\ncy.get('input[name=\"title\"]').type('Dinner'); // Targeting the title input\ncy.get('input[name=\"price\"]').type('500'); // Targeting the price input\ncy.get('select[name=\"category\"]').select('Food'); // Select category\ncy.get('input[name=\"date\"]').type('2024-12-18'); // Add date (ensure format matches your app)\ncy.get('button[type=\"submit\"]').contains('Add Expense').click();\n// Verify that the transaction is added to the list\ncy.contains('Transactions').should('exist'); // Ensure the Transactions section is present\ncy.contains('Dinner').should('exist'); // Verify that the 'Dinner' transaction appears in the list\ncy.contains('500').should('exist'); // Verify that the amount '500' is displayed in the transaction list\n// for second \ncy.contains('+ Add Expense').click();\n// Fill the form and submit\ncy.get('input[name=\"title\"]').type('Movie Night');\ncy.get('input[name=\"price\"]').type('300');\ncy.get('select[name=\"category\"]').select('Entertainment');\ncy.get('input[name=\"date\"]').type('2024-12-19');\ncy.get('button[type=\"submit\"]').contains('Add Expense').click();\n// Verify that the transaction is added to the list\ncy.contains('Transactions').should('exist'); // Ensure the Transactions section is present\ncy.contains('Movie Night').should('exist'); // Verify that the 'Dinner' transaction appears in the list\ncy.contains('300').should('exist'); // Verify that the amount '500' is displayed in the transaction list\ncy.contains('Wallet Balance').parent().contains('4200'); // Adjust based on initial state",
              "err": {
                "message": "AssertionError: Timed out retrying after 4000ms: Expected to find content: '+ Add Expense' but never did.",
                "estack": "AssertionError: Timed out retrying after 4000ms: Expected to find content: '+ Add Expense' but never did.\n    at Context.eval (webpack://expense_tracker/./cypress/e2e/spec.cy.js:66:7)",
                "diff": null
              },
              "uuid": "fe7e5b2f-a16a-4fa2-a85d-ba78788c5f6d",
              "parentUUID": "76cfa7c3-3771-4963-9d71-fdfe255249e6",
              "isHook": false,
              "skipped": false
            },
            {
              "title": "Displays added food and travel expenses in the transaction list",
              "fullTitle": "Expense Tracker Tests Displays added food and travel expenses in the transaction list",
              "timedOut": null,
              "duration": 4588,
              "state": "failed",
              "speed": null,
              "pass": false,
              "fail": true,
              "pending": false,
              "context": null,
              "code": "// Add Food Expense\ncy.contains('+ Add Expense').click();\ncy.get('input[name=\"title\"]').type('Lunch');\ncy.get('input[name=\"price\"]').type('200');\ncy.get('select[name=\"category\"]').select('Food');\ncy.get('input[name=\"date\"]').type('2024-12-18');\ncy.get('button[type=\"submit\"]').contains('Add Expense').click();\n// Verify that the Food expense is added\ncy.contains('Transactions').should('exist');\ncy.contains('Lunch').should('exist');\ncy.contains('200').should('exist');\n// Add Travel Expense\ncy.contains('+ Add Expense').click();\ncy.get('input[name=\"title\"]').type('Flight');\ncy.get('input[name=\"price\"]').type('1200');\ncy.get('select[name=\"category\"]').select('Travel');\ncy.get('input[name=\"date\"]').type('2024-12-19');\ncy.get('button[type=\"submit\"]').contains('Add Expense').click();\n// Verify that the Travel expense is added and the updated balance\ncy.contains('Transactions').should('exist');\ncy.contains('Flight').should('exist');\ncy.contains('1200').should('exist');\ncy.contains('Wallet Balance').parent().contains('3600'); // Adjust based on initial state",
              "err": {
                "message": "AssertionError: Timed out retrying after 4000ms: Expected to find content: '+ Add Expense' but never did.",
                "estack": "AssertionError: Timed out retrying after 4000ms: Expected to find content: '+ Add Expense' but never did.\n    at Context.eval (webpack://expense_tracker/./cypress/e2e/spec.cy.js:101:7)",
                "diff": null
              },
              "uuid": "71534b5c-9fc0-4971-b4c9-1bc3f29b1c9f",
              "parentUUID": "76cfa7c3-3771-4963-9d71-fdfe255249e6",
              "isHook": false,
              "skipped": false
            },
            {
              "title": "Displays added travel and entertainment expenses in the transaction list",
              "fullTitle": "Expense Tracker Tests Displays added travel and entertainment expenses in the transaction list",
              "timedOut": null,
              "duration": 4666,
              "state": "failed",
              "speed": null,
              "pass": false,
              "fail": true,
              "pending": false,
              "context": null,
              "code": "// Add Travel Expense\ncy.contains('+ Add Expense').click();\ncy.get('input[name=\"title\"]').type('Hotel Stay');\ncy.get('input[name=\"price\"]').type('1500');\ncy.get('select[name=\"category\"]').select('Travel');\ncy.get('input[name=\"date\"]').type('2024-12-20');\ncy.get('button[type=\"submit\"]').contains('Add Expense').click();\n// Verify that the Travel expense is added\ncy.contains('Transactions').should('exist');\ncy.contains('Hotel Stay').should('exist');\ncy.contains('1500').should('exist');\n// Add Entertainment Expense\ncy.contains('+ Add Expense').click();\ncy.get('input[name=\"title\"]').type('Concert');\ncy.get('input[name=\"price\"]').type('500');\ncy.get('select[name=\"category\"]').select('Entertainment');\ncy.get('input[name=\"date\"]').type('2024-12-21');\ncy.get('button[type=\"submit\"]').contains('Add Expense').click();\n// Verify that the Entertainment expense is added and the updated balance\ncy.contains('Transactions').should('exist');\ncy.contains('Concert').should('exist');\ncy.contains('500').should('exist');\ncy.contains('Wallet Balance').parent().contains('3000'); // Adjust based on initial state",
              "err": {
                "message": "AssertionError: Timed out retrying after 4000ms: Expected to find content: '+ Add Expense' but never did.",
                "estack": "AssertionError: Timed out retrying after 4000ms: Expected to find content: '+ Add Expense' but never did.\n    at Context.eval (webpack://expense_tracker/./cypress/e2e/spec.cy.js:130:7)",
                "diff": null
              },
              "uuid": "2a1b47d2-48ad-4025-bb21-332e205d4379",
              "parentUUID": "76cfa7c3-3771-4963-9d71-fdfe255249e6",
              "isHook": false,
              "skipped": false
            },
            {
              "title": "Displays added food, travel, and entertainment expenses in the transaction list",
              "fullTitle": "Expense Tracker Tests Displays added food, travel, and entertainment expenses in the transaction list",
              "timedOut": null,
              "duration": 4780,
              "state": "failed",
              "speed": null,
              "pass": false,
              "fail": true,
              "pending": false,
              "context": null,
              "code": "// Add Food Expense\ncy.contains('+ Add Expense').click();\ncy.get('input[name=\"title\"]').type('Brunch');\ncy.get('input[name=\"price\"]').type('400');\ncy.get('select[name=\"category\"]').select('Food');\ncy.get('input[name=\"date\"]').type('2024-12-18');\ncy.get('button[type=\"submit\"]').contains('Add Expense').click();\n// Verify that the Food expense is added\ncy.contains('Transactions').should('exist');\ncy.contains('Brunch').should('exist');\ncy.contains('400').should('exist');\n// Add Travel Expense\ncy.contains('+ Add Expense').click();\ncy.get('input[name=\"title\"]').type('Train Ticket');\ncy.get('input[name=\"price\"]').type('1000');\ncy.get('select[name=\"category\"]').select('Travel');\ncy.get('input[name=\"date\"]').type('2024-12-19');\ncy.get('button[type=\"submit\"]').contains('Add Expense').click();\n// Verify that the Travel expense is added\ncy.contains('Transactions').should('exist');\ncy.contains('Train Ticket').should('exist');\ncy.contains('1000').should('exist');\n// Add Entertainment Expense\ncy.contains('+ Add Expense').click();\ncy.get('input[name=\"title\"]').type('Movie Night');\ncy.get('input[name=\"price\"]').type('600');\ncy.get('select[name=\"category\"]').select('Entertainment');\ncy.get('input[name=\"date\"]').type('2024-12-20');\ncy.get('button[type=\"submit\"]').contains('Add Expense').click();\n// Verify that the Entertainment expense is added and the updated balance\ncy.contains('Transactions').should('exist');\ncy.contains('Movie Night').should('exist');\ncy.contains('600').should('exist');\ncy.contains('Wallet Balance').parent().contains('3000'); // Adjust based on initial state",
              "err": {
                "message": "AssertionError: Timed out retrying after 4000ms: Expected to find content: '+ Add Expense' but never did.",
                "estack": "AssertionError: Timed out retrying after 4000ms: Expected to find content: '+ Add Expense' but never did.\n    at Context.eval (webpack://expense_tracker/./cypress/e2e/spec.cy.js:159:7)",
                "diff": null
              },
              "uuid": "2d29fd3d-454d-4f34-9328-30127ff9c136",
              "parentUUID": "76cfa7c3-3771-4963-9d71-fdfe255249e6",
              "isHook": false,
              "skipped": false
            },
            {
              "title": "Persists data in localStorage",
              "fullTitle": "Expense Tracker Tests Persists data in localStorage",
              "timedOut": null,
              "duration": 4541,
              "state": "failed",
              "speed": null,
              "pass": false,
              "fail": true,
              "pending": false,
              "context": null,
              "code": "// Add a transaction\ncy.contains('+ Add Expense').click();\ncy.get('input[name=\"title\"]').type('Gym'); // Correcting input name for consistency\ncy.get('input[name=\"price\"]').type('1000'); // Corrected input name for price\ncy.get('select[name=\"category\"]').select('Entertainment');\ncy.get('input[name=\"date\"]').type('2024-12-20'); // Adding the missing date input\ncy.get('button[type=\"submit\"]').contains('Add Expense').click();\n// Ensure data is persisted in localStorage\ncy.window().then(win => {\n  const localStorageData = win.localStorage.getItem('expenses'); // Assuming data is saved in 'expenses'\n  expect(localStorageData).to.not.be.null; // Ensure something is stored\n  const expenses = JSON.parse(localStorageData);\n  expect(expenses).to.have.length.greaterThan(0); // Ensure that there's at least one expense saved\n});\n// Reload the page\ncy.reload();\n// Check if data persists\ncy.contains('Gym').should('exist');\ncy.contains('1000').should('exist');",
              "err": {
                "message": "AssertionError: Timed out retrying after 4000ms: Expected to find content: '+ Add Expense' but never did.",
                "estack": "AssertionError: Timed out retrying after 4000ms: Expected to find content: '+ Add Expense' but never did.\n    at Context.eval (webpack://expense_tracker/./cypress/e2e/spec.cy.js:201:7)",
                "diff": null
              },
              "uuid": "b5144cad-d99b-4ea5-9f98-7eff82a6c75d",
              "parentUUID": "76cfa7c3-3771-4963-9d71-fdfe255249e6",
              "isHook": false,
              "skipped": false
            }
          ],
          "suites": [],
          "passes": [
            "9b36c632-c6e2-4e59-9d23-8324d54291a2",
            "b759799d-5f39-45f8-b1a3-6d025be13070"
          ],
          "failures": [
            "c1af134d-eacd-4316-9d0a-12fdd3116229",
            "099b1d7f-f72d-45ac-b12f-c7b440251be8",
            "b84af04e-59ad-4086-93ca-d110b54b556f",
            "21315e9a-b4c2-44dd-8e8d-44ba12cbdba6",
            "b1fb886a-5982-4d3a-92e2-677b2dac68fd",
            "fe7e5b2f-a16a-4fa2-a85d-ba78788c5f6d",
            "71534b5c-9fc0-4971-b4c9-1bc3f29b1c9f",
            "2a1b47d2-48ad-4025-bb21-332e205d4379",
            "2d29fd3d-454d-4f34-9328-30127ff9c136",
            "b5144cad-d99b-4ea5-9f98-7eff82a6c75d"
          ],
          "pending": [],
          "skipped": [],
          "duration": 52350,
          "root": false,
          "rootEmpty": false,
          "_timeout": 2000
        }
      ],
      "passes": [],
      "failures": [],
      "pending": [],
      "skipped": [],
      "duration": 0,
      "root": true,
      "rootEmpty": true,
      "_timeout": 2000
    }
  ],
  "meta": {
    "mocha": {
      "version": "7.0.1"
    },
    "mochawesome": {
      "options": {
        "quiet": false,
        "reportFilename": "mochawesome",
        "saveHtml": true,
        "saveJson": true,
        "consoleReporter": "spec",
        "useInlineDiffs": false,
        "code": true
      },
      "version": "7.1.3"
    },
    "marge": {
      "options": {
        "reportDir": "cypress/reports/mocha",
        "overwrite": false,
        "html": true,
        "json": true
      },
      "version": "6.2.0"
    }
  }
}