{
  "stats": {
    "suites": 1,
    "tests": 12,
    "passes": 10,
    "pending": 0,
    "failures": 2,
    "start": "2025-01-31T05:21:40.612Z",
    "end": "2025-01-31T05:22:17.484Z",
    "duration": 36872,
    "testsRegistered": 12,
    "passPercent": 83.33333333333334,
    "pendingPercent": 0,
    "other": 0,
    "hasOther": false,
    "skipped": 0,
    "hasSkipped": false
  },
  "results": [
    {
      "uuid": "e88f7fff-0b50-4c41-8f81-0e287033ff92",
      "title": "",
      "fullFile": "cypress/e2e/spec.cy.js",
      "file": "cypress/e2e/spec.cy.js",
      "beforeHooks": [],
      "afterHooks": [],
      "tests": [],
      "suites": [
        {
          "uuid": "d85540e7-e996-492f-ad42-ac5dde1c9a3a",
          "title": "Expense Tracker Tests",
          "fullFile": "",
          "file": "",
          "beforeHooks": [],
          "afterHooks": [],
          "tests": [
            {
              "title": "should load the home page correctly",
              "fullTitle": "Expense Tracker Tests should load the home page correctly",
              "timedOut": null,
              "duration": 10565,
              "state": "failed",
              "speed": null,
              "pass": false,
              "fail": true,
              "pending": false,
              "context": null,
              "code": "cy.contains('Expense Tracker'); // Check if the heading is present\ncy.get('h1').should('have.text', 'Expense Tracker');",
              "err": {
                "message": "AssertionError: Timed out retrying after 4000ms: expected '[ <h1.MuiTypography-root.MuiTypography-body1.css-ya0eyy-MuiTypography-root>, 7 more... ]' to have text 'Expense Tracker', but the text was 'Expense TrackerWallet Balance: ₹5000Expenses: ₹0Recent TransactionsNo transactions!Top Expenses'",
                "estack": "AssertionError: Timed out retrying after 4000ms: expected '[ <h1.MuiTypography-root.MuiTypography-body1.css-ya0eyy-MuiTypography-root>, 7 more... ]' to have text 'Expense Tracker', but the text was 'Expense TrackerWallet Balance: ₹5000Expenses: ₹0Recent TransactionsNo transactions!Top Expenses'\n    at Context.eval (webpack://expense_tracker/./cypress/e2e/spec.cy.js:9:15)",
                "diff": "- 'Expense TrackerWallet Balance: ₹5000Expenses: ₹0Recent TransactionsNo transactions!Top Expenses'\n+ 'Expense Tracker'\n"
              },
              "uuid": "08d007e7-2f88-4edf-96a7-5d21fde83632",
              "parentUUID": "d85540e7-e996-492f-ad42-ac5dde1c9a3a",
              "isHook": false,
              "skipped": false
            },
            {
              "title": "should display wallet balance and expenses cards",
              "fullTitle": "Expense Tracker Tests should display wallet balance and expenses cards",
              "timedOut": null,
              "duration": 555,
              "state": "passed",
              "speed": "fast",
              "pass": true,
              "fail": false,
              "pending": false,
              "context": null,
              "code": "cy.contains('Wallet Balance'); // Check Wallet Balance card is present\ncy.contains('Expenses'); // Check Expenses card is present",
              "err": {},
              "uuid": "5b42d0b5-8f79-482f-9e08-1663173b2411",
              "parentUUID": "d85540e7-e996-492f-ad42-ac5dde1c9a3a",
              "isHook": false,
              "skipped": false
            },
            {
              "title": "should have a visible header with correct text",
              "fullTitle": "Expense Tracker Tests should have a visible header with correct text",
              "timedOut": null,
              "duration": 4748,
              "state": "failed",
              "speed": null,
              "pass": false,
              "fail": true,
              "pending": false,
              "context": null,
              "code": "// Check if the header exists and contains the correct text\ncy.get('h1').should('be.visible').and('have.text', 'Expense Tracker');",
              "err": {
                "message": "AssertionError: Timed out retrying after 4000ms: expected '[ <h1.MuiTypography-root.MuiTypography-body1.css-ya0eyy-MuiTypography-root>, 7 more... ]' to have text 'Expense Tracker', but the text was 'Expense TrackerWallet Balance: ₹5000Expenses: ₹0Recent TransactionsNo transactions!Top Expenses'",
                "estack": "AssertionError: Timed out retrying after 4000ms: expected '[ <h1.MuiTypography-root.MuiTypography-body1.css-ya0eyy-MuiTypography-root>, 7 more... ]' to have text 'Expense Tracker', but the text was 'Expense TrackerWallet Balance: ₹5000Expenses: ₹0Recent TransactionsNo transactions!Top Expenses'\n    at Context.eval (webpack://expense_tracker/./cypress/e2e/spec.cy.js:19:38)",
                "diff": "- 'Expense TrackerWallet Balance: ₹5000Expenses: ₹0Recent TransactionsNo transactions!Top Expenses'\n+ 'Expense Tracker'\n"
              },
              "uuid": "ad7db3f2-8952-407e-b0b0-c559160a6a58",
              "parentUUID": "d85540e7-e996-492f-ad42-ac5dde1c9a3a",
              "isHook": false,
              "skipped": false
            },
            {
              "title": "should have a button to add income and it should be styled correctly",
              "fullTitle": "Expense Tracker Tests should have a button to add income and it should be styled correctly",
              "timedOut": null,
              "duration": 1154,
              "state": "passed",
              "speed": "fast",
              "pass": true,
              "fail": false,
              "pending": false,
              "context": null,
              "code": "// Check if the Add Income button is present\ncy.contains('+ Add Income').should('be.visible');\n// Check if the button is enabled and clickable\ncy.get('button').contains('+ Add Income').should('not.be.disabled').click();",
              "err": {},
              "uuid": "24742399-b7cf-4e59-9aec-2b2a8ec458b0",
              "parentUUID": "d85540e7-e996-492f-ad42-ac5dde1c9a3a",
              "isHook": false,
              "skipped": false
            },
            {
              "title": "should be responsive for mobile view",
              "fullTitle": "Expense Tracker Tests should be responsive for mobile view",
              "timedOut": null,
              "duration": 557,
              "state": "passed",
              "speed": "fast",
              "pass": true,
              "fail": false,
              "pending": false,
              "context": null,
              "code": "// Check mobile view (iPhone 6)\ncy.viewport('iphone-6');\n// Ensure key elements are visible in mobile view\ncy.get('h1').should('be.visible');\ncy.contains('+ Add Income').should('be.visible');\ncy.contains('+ Add Expense').should('be.visible');\ncy.contains('Wallet Balance').should('be.visible');\ncy.contains('Expenses').should('be.visible');",
              "err": {},
              "uuid": "26141780-8bbf-4062-bfb9-37749f9a23be",
              "parentUUID": "d85540e7-e996-492f-ad42-ac5dde1c9a3a",
              "isHook": false,
              "skipped": false
            },
            {
              "title": "Loads the homepage correctly",
              "fullTitle": "Expense Tracker Tests Loads the homepage correctly",
              "timedOut": null,
              "duration": 554,
              "state": "passed",
              "speed": "fast",
              "pass": true,
              "fail": false,
              "pending": false,
              "context": null,
              "code": "// Check if the title is displayed\ncy.contains('h1', 'Expense Tracker').should('exist');\n// Check if cards are rendered\ncy.contains('Wallet Balance').should('exist');\ncy.contains('Expenses').should('exist');",
              "err": {},
              "uuid": "f55b3853-c2d3-4f90-aef0-f7e6deb8172c",
              "parentUUID": "d85540e7-e996-492f-ad42-ac5dde1c9a3a",
              "isHook": false,
              "skipped": false
            },
            {
              "title": "Adds an income successfully",
              "fullTitle": "Expense Tracker Tests Adds an income successfully",
              "timedOut": null,
              "duration": 1705,
              "state": "passed",
              "speed": "fast",
              "pass": true,
              "fail": false,
              "pending": false,
              "context": null,
              "code": "// Open Add Income modal\ncy.contains('+ Add Income').click();\n// Fill the form and submit\ncy.get('input[type=\"number\"][placeholder=\"Income Amount\"]').type('2000');\ncy.get('button[type=\"submit\"]').contains('Add Balance').click();\n// Verify that balance is updated\ncy.contains('Wallet Balance').parent().contains('7000'); // Adjust based on initial state",
              "err": {},
              "uuid": "58d3d18a-b359-498b-aa06-95ac0eaa8afd",
              "parentUUID": "d85540e7-e996-492f-ad42-ac5dde1c9a3a",
              "isHook": false,
              "skipped": false
            },
            {
              "title": "Displays added expense in the transaction list",
              "fullTitle": "Expense Tracker Tests Displays added expense in the transaction list",
              "timedOut": null,
              "duration": 3227,
              "state": "passed",
              "speed": "fast",
              "pass": true,
              "fail": false,
              "pending": false,
              "context": null,
              "code": "// Open Add Expense modal\ncy.contains('+ Add Expense').click();\n// Fill the form and submit\ncy.get('input[name=\"title\"]').type('Dinner'); // Targeting the title input\ncy.get('input[name=\"price\"]').type('500'); // Targeting the price input\ncy.get('select[name=\"category\"]').select('Food'); // Select category\ncy.get('input[name=\"date\"]').type('2024-12-18'); // Add date (ensure format matches your app)\ncy.get('button[type=\"submit\"]').contains('Add Expense').click();\n// Verify that the transaction is added to the list\ncy.contains('Transactions').should('exist'); // Ensure the Transactions section is present\ncy.contains('Dinner').should('exist'); // Verify that the 'Dinner' transaction appears in the list\ncy.contains('500').should('exist'); // Verify that the amount '500' is displayed in the transaction list\n// for second \ncy.contains('+ Add Expense').click();\n// Fill the form and submit\ncy.get('input[name=\"title\"]').type('Movie Night');\ncy.get('input[name=\"price\"]').type('300');\ncy.get('select[name=\"category\"]').select('Entertainment');\ncy.get('input[name=\"date\"]').type('2024-12-19');\ncy.get('button[type=\"submit\"]').contains('Add Expense').click();\n// Verify that the transaction is added to the list\ncy.contains('Transactions').should('exist'); // Ensure the Transactions section is present\ncy.contains('Movie Night').should('exist'); // Verify that the 'Dinner' transaction appears in the list\ncy.contains('300').should('exist'); // Verify that the amount '500' is displayed in the transaction list\ncy.contains('Wallet Balance').parent().contains('4200'); // Adjust based on initial state",
              "err": {},
              "uuid": "2ae36d10-bfde-4657-8ab9-641cad24cc4f",
              "parentUUID": "d85540e7-e996-492f-ad42-ac5dde1c9a3a",
              "isHook": false,
              "skipped": false
            },
            {
              "title": "Displays added food and travel expenses in the transaction list",
              "fullTitle": "Expense Tracker Tests Displays added food and travel expenses in the transaction list",
              "timedOut": null,
              "duration": 2816,
              "state": "passed",
              "speed": "fast",
              "pass": true,
              "fail": false,
              "pending": false,
              "context": null,
              "code": "// Add Food Expense\ncy.contains('+ Add Expense').click();\ncy.get('input[name=\"title\"]').type('Lunch');\ncy.get('input[name=\"price\"]').type('200');\ncy.get('select[name=\"category\"]').select('Food');\ncy.get('input[name=\"date\"]').type('2024-12-18');\ncy.get('button[type=\"submit\"]').contains('Add Expense').click();\n// Verify that the Food expense is added\ncy.contains('Transactions').should('exist');\ncy.contains('Lunch').should('exist');\ncy.contains('200').should('exist');\n// Add Travel Expense\ncy.contains('+ Add Expense').click();\ncy.get('input[name=\"title\"]').type('Flight');\ncy.get('input[name=\"price\"]').type('1200');\ncy.get('select[name=\"category\"]').select('Travel');\ncy.get('input[name=\"date\"]').type('2024-12-19');\ncy.get('button[type=\"submit\"]').contains('Add Expense').click();\n// Verify that the Travel expense is added and the updated balance\ncy.contains('Transactions').should('exist');\ncy.contains('Flight').should('exist');\ncy.contains('1200').should('exist');\ncy.contains('Wallet Balance').parent().contains('3600'); // Adjust based on initial state",
              "err": {},
              "uuid": "86eab5d9-c1c9-43f7-ba3a-639b90e8a860",
              "parentUUID": "d85540e7-e996-492f-ad42-ac5dde1c9a3a",
              "isHook": false,
              "skipped": false
            },
            {
              "title": "Displays added travel and entertainment expenses in the transaction list",
              "fullTitle": "Expense Tracker Tests Displays added travel and entertainment expenses in the transaction list",
              "timedOut": null,
              "duration": 3206,
              "state": "passed",
              "speed": "fast",
              "pass": true,
              "fail": false,
              "pending": false,
              "context": null,
              "code": "// Add Travel Expense\ncy.contains('+ Add Expense').click();\ncy.get('input[name=\"title\"]').type('Hotel Stay');\ncy.get('input[name=\"price\"]').type('1500');\ncy.get('select[name=\"category\"]').select('Travel');\ncy.get('input[name=\"date\"]').type('2024-12-20');\ncy.get('button[type=\"submit\"]').contains('Add Expense').click();\n// Verify that the Travel expense is added\ncy.contains('Transactions').should('exist');\ncy.contains('Hotel Stay').should('exist');\ncy.contains('1500').should('exist');\n// Add Entertainment Expense\ncy.contains('+ Add Expense').click();\ncy.get('input[name=\"title\"]').type('Concert');\ncy.get('input[name=\"price\"]').type('500');\ncy.get('select[name=\"category\"]').select('Entertainment');\ncy.get('input[name=\"date\"]').type('2024-12-21');\ncy.get('button[type=\"submit\"]').contains('Add Expense').click();\n// Verify that the Entertainment expense is added and the updated balance\ncy.contains('Transactions').should('exist');\ncy.contains('Concert').should('exist');\ncy.contains('500').should('exist');\ncy.contains('Wallet Balance').parent().contains('3000'); // Adjust based on initial state",
              "err": {},
              "uuid": "3b40eb60-4d62-4a68-94db-274070ccaddd",
              "parentUUID": "d85540e7-e996-492f-ad42-ac5dde1c9a3a",
              "isHook": false,
              "skipped": false
            },
            {
              "title": "Displays added food, travel, and entertainment expenses in the transaction list",
              "fullTitle": "Expense Tracker Tests Displays added food, travel, and entertainment expenses in the transaction list",
              "timedOut": null,
              "duration": 4340,
              "state": "passed",
              "speed": "fast",
              "pass": true,
              "fail": false,
              "pending": false,
              "context": null,
              "code": "// Add Food Expense\ncy.contains('+ Add Expense').click();\ncy.get('input[name=\"title\"]').type('Brunch');\ncy.get('input[name=\"price\"]').type('400');\ncy.get('select[name=\"category\"]').select('Food');\ncy.get('input[name=\"date\"]').type('2024-12-18');\ncy.get('button[type=\"submit\"]').contains('Add Expense').click();\n// Verify that the Food expense is added\ncy.contains('Transactions').should('exist');\ncy.contains('Brunch').should('exist');\ncy.contains('400').should('exist');\n// Add Travel Expense\ncy.contains('+ Add Expense').click();\ncy.get('input[name=\"title\"]').type('Train Ticket');\ncy.get('input[name=\"price\"]').type('1000');\ncy.get('select[name=\"category\"]').select('Travel');\ncy.get('input[name=\"date\"]').type('2024-12-19');\ncy.get('button[type=\"submit\"]').contains('Add Expense').click();\n// Verify that the Travel expense is added\ncy.contains('Transactions').should('exist');\ncy.contains('Train Ticket').should('exist');\ncy.contains('1000').should('exist');\n// Add Entertainment Expense\ncy.contains('+ Add Expense').click();\ncy.get('input[name=\"title\"]').type('Movie Night');\ncy.get('input[name=\"price\"]').type('600');\ncy.get('select[name=\"category\"]').select('Entertainment');\ncy.get('input[name=\"date\"]').type('2024-12-20');\ncy.get('button[type=\"submit\"]').contains('Add Expense').click();\n// Verify that the Entertainment expense is added and the updated balance\ncy.contains('Transactions').should('exist');\ncy.contains('Movie Night').should('exist');\ncy.contains('600').should('exist');\ncy.contains('Wallet Balance').parent().contains('3000'); // Adjust based on initial state",
              "err": {},
              "uuid": "35466e3c-777d-420d-9e07-7cdfe6600a67",
              "parentUUID": "d85540e7-e996-492f-ad42-ac5dde1c9a3a",
              "isHook": false,
              "skipped": false
            },
            {
              "title": "Persists data in localStorage",
              "fullTitle": "Expense Tracker Tests Persists data in localStorage",
              "timedOut": null,
              "duration": 2246,
              "state": "passed",
              "speed": "fast",
              "pass": true,
              "fail": false,
              "pending": false,
              "context": null,
              "code": "// Add a transaction\ncy.contains('+ Add Expense').click();\ncy.get('input[name=\"title\"]').type('Gym'); // Correcting input name for consistency\ncy.get('input[name=\"price\"]').type('1000'); // Corrected input name for price\ncy.get('select[name=\"category\"]').select('Entertainment');\ncy.get('input[name=\"date\"]').type('2024-12-20'); // Adding the missing date input\ncy.get('button[type=\"submit\"]').contains('Add Expense').click();\n// Ensure data is persisted in localStorage\ncy.window().then(win => {\n  const localStorageData = win.localStorage.getItem('expenses'); // Assuming data is saved in 'expenses'\n  expect(localStorageData).to.not.be.null; // Ensure something is stored\n  const expenses = JSON.parse(localStorageData);\n  expect(expenses).to.have.length.greaterThan(0); // Ensure that there's at least one expense saved\n});\n// Reload the page\ncy.reload();\n// Check if data persists\ncy.contains('Gym').should('exist');\ncy.contains('1000').should('exist');",
              "err": {},
              "uuid": "5162f0d4-ae52-483d-9241-c61781af4234",
              "parentUUID": "d85540e7-e996-492f-ad42-ac5dde1c9a3a",
              "isHook": false,
              "skipped": false
            }
          ],
          "suites": [],
          "passes": [
            "5b42d0b5-8f79-482f-9e08-1663173b2411",
            "24742399-b7cf-4e59-9aec-2b2a8ec458b0",
            "26141780-8bbf-4062-bfb9-37749f9a23be",
            "f55b3853-c2d3-4f90-aef0-f7e6deb8172c",
            "58d3d18a-b359-498b-aa06-95ac0eaa8afd",
            "2ae36d10-bfde-4657-8ab9-641cad24cc4f",
            "86eab5d9-c1c9-43f7-ba3a-639b90e8a860",
            "3b40eb60-4d62-4a68-94db-274070ccaddd",
            "35466e3c-777d-420d-9e07-7cdfe6600a67",
            "5162f0d4-ae52-483d-9241-c61781af4234"
          ],
          "failures": [
            "08d007e7-2f88-4edf-96a7-5d21fde83632",
            "ad7db3f2-8952-407e-b0b0-c559160a6a58"
          ],
          "pending": [],
          "skipped": [],
          "duration": 35673,
          "root": false,
          "rootEmpty": false,
          "_timeout": 2000
        }
      ],
      "passes": [],
      "failures": [],
      "pending": [],
      "skipped": [],
      "duration": 0,
      "root": true,
      "rootEmpty": true,
      "_timeout": 2000
    }
  ],
  "meta": {
    "mocha": {
      "version": "7.0.1"
    },
    "mochawesome": {
      "options": {
        "quiet": false,
        "reportFilename": "mochawesome",
        "saveHtml": true,
        "saveJson": true,
        "consoleReporter": "spec",
        "useInlineDiffs": false,
        "code": true
      },
      "version": "7.1.3"
    },
    "marge": {
      "options": {
        "reportDir": "cypress/reports/mocha",
        "overwrite": false,
        "html": true,
        "json": true
      },
      "version": "6.2.0"
    }
  }
}