{
  "stats": {
    "suites": 1,
    "tests": 12,
    "passes": 10,
    "pending": 0,
    "failures": 2,
    "start": "2025-01-31T04:49:47.040Z",
    "end": "2025-01-31T04:50:28.037Z",
    "duration": 40997,
    "testsRegistered": 12,
    "passPercent": 83.33333333333334,
    "pendingPercent": 0,
    "other": 0,
    "hasOther": false,
    "skipped": 0,
    "hasSkipped": false
  },
  "results": [
    {
      "uuid": "e2df7d45-3542-4ed4-9d61-f48bb03b5ac9",
      "title": "",
      "fullFile": "cypress/e2e/spec.cy.js",
      "file": "cypress/e2e/spec.cy.js",
      "beforeHooks": [],
      "afterHooks": [],
      "tests": [],
      "suites": [
        {
          "uuid": "92710206-258c-4a80-acd9-28cbd73dee23",
          "title": "Expense Tracker Tests",
          "fullFile": "",
          "file": "",
          "beforeHooks": [],
          "afterHooks": [],
          "tests": [
            {
              "title": "should load the home page correctly",
              "fullTitle": "Expense Tracker Tests should load the home page correctly",
              "timedOut": null,
              "duration": 11000,
              "state": "failed",
              "speed": null,
              "pass": false,
              "fail": true,
              "pending": false,
              "context": null,
              "code": "cy.contains('Expense Tracker'); // Check if the heading is present\ncy.get('h1').should('have.text', 'Expense Tracker');",
              "err": {
                "message": "AssertionError: Timed out retrying after 4000ms: expected '[ <h1.MuiTypography-root.MuiTypography-body1.css-ya0eyy-MuiTypography-root>, 5 more... ]' to have text 'Expense Tracker', but the text was 'Expense TrackerWallet Balance:Expenses:Recent TransactionsNo transactions!Top Expenses'",
                "estack": "AssertionError: Timed out retrying after 4000ms: expected '[ <h1.MuiTypography-root.MuiTypography-body1.css-ya0eyy-MuiTypography-root>, 5 more... ]' to have text 'Expense Tracker', but the text was 'Expense TrackerWallet Balance:Expenses:Recent TransactionsNo transactions!Top Expenses'\n    at Context.eval (webpack://expense_tracker/./cypress/e2e/spec.cy.js:9:15)",
                "diff": "- 'Expense TrackerWallet Balance:Expenses:Recent TransactionsNo transactions!Top Expenses'\n+ 'Expense Tracker'\n"
              },
              "uuid": "2923878b-5748-4bf1-af3c-8a841b4afc1d",
              "parentUUID": "92710206-258c-4a80-acd9-28cbd73dee23",
              "isHook": false,
              "skipped": false
            },
            {
              "title": "should display wallet balance and expenses cards",
              "fullTitle": "Expense Tracker Tests should display wallet balance and expenses cards",
              "timedOut": null,
              "duration": 768,
              "state": "passed",
              "speed": "fast",
              "pass": true,
              "fail": false,
              "pending": false,
              "context": null,
              "code": "cy.contains('Wallet Balance'); // Check Wallet Balance card is present\ncy.contains('Expenses'); // Check Expenses card is present",
              "err": {},
              "uuid": "c88e4c73-3669-48ac-b47a-9b35ed6f208d",
              "parentUUID": "92710206-258c-4a80-acd9-28cbd73dee23",
              "isHook": false,
              "skipped": false
            },
            {
              "title": "should have a visible header with correct text",
              "fullTitle": "Expense Tracker Tests should have a visible header with correct text",
              "timedOut": null,
              "duration": 5514,
              "state": "failed",
              "speed": null,
              "pass": false,
              "fail": true,
              "pending": false,
              "context": null,
              "code": "// Check if the header exists and contains the correct text\ncy.get('h1').should('be.visible').and('have.text', 'Expense Tracker');",
              "err": {
                "message": "AssertionError: Timed out retrying after 4000ms: expected '[ <h1.MuiTypography-root.MuiTypography-body1.css-ya0eyy-MuiTypography-root>, 5 more... ]' to have text 'Expense Tracker', but the text was 'Expense TrackerWallet Balance:Expenses:Recent TransactionsNo transactions!Top Expenses'",
                "estack": "AssertionError: Timed out retrying after 4000ms: expected '[ <h1.MuiTypography-root.MuiTypography-body1.css-ya0eyy-MuiTypography-root>, 5 more... ]' to have text 'Expense Tracker', but the text was 'Expense TrackerWallet Balance:Expenses:Recent TransactionsNo transactions!Top Expenses'\n    at Context.eval (webpack://expense_tracker/./cypress/e2e/spec.cy.js:19:38)",
                "diff": "- 'Expense TrackerWallet Balance:Expenses:Recent TransactionsNo transactions!Top Expenses'\n+ 'Expense Tracker'\n"
              },
              "uuid": "3acbdcca-4363-430e-8a92-ef8f438921af",
              "parentUUID": "92710206-258c-4a80-acd9-28cbd73dee23",
              "isHook": false,
              "skipped": false
            },
            {
              "title": "should have a button to add income and it should be styled correctly",
              "fullTitle": "Expense Tracker Tests should have a button to add income and it should be styled correctly",
              "timedOut": null,
              "duration": 815,
              "state": "passed",
              "speed": "fast",
              "pass": true,
              "fail": false,
              "pending": false,
              "context": null,
              "code": "// Check if the Add Income button is present\ncy.contains('+ Add Income').should('be.visible');\n// Check if the button is enabled and clickable\ncy.get('button').contains('+ Add Income').should('not.be.disabled').click();",
              "err": {},
              "uuid": "c7042d97-f062-4f4a-ab3a-ea2b5c282f59",
              "parentUUID": "92710206-258c-4a80-acd9-28cbd73dee23",
              "isHook": false,
              "skipped": false
            },
            {
              "title": "should be responsive for mobile view",
              "fullTitle": "Expense Tracker Tests should be responsive for mobile view",
              "timedOut": null,
              "duration": 916,
              "state": "passed",
              "speed": "fast",
              "pass": true,
              "fail": false,
              "pending": false,
              "context": null,
              "code": "// Check mobile view (iPhone 6)\ncy.viewport('iphone-6');\n// Ensure key elements are visible in mobile view\ncy.get('h1').should('be.visible');\ncy.contains('+ Add Income').should('be.visible');\ncy.contains('+ Add Expense').should('be.visible');\ncy.contains('Wallet Balance').should('be.visible');\ncy.contains('Expenses').should('be.visible');",
              "err": {},
              "uuid": "eab6661c-f220-47a6-9404-fc4e6a500d40",
              "parentUUID": "92710206-258c-4a80-acd9-28cbd73dee23",
              "isHook": false,
              "skipped": false
            },
            {
              "title": "Loads the homepage correctly",
              "fullTitle": "Expense Tracker Tests Loads the homepage correctly",
              "timedOut": null,
              "duration": 609,
              "state": "passed",
              "speed": "fast",
              "pass": true,
              "fail": false,
              "pending": false,
              "context": null,
              "code": "// Check if the title is displayed\ncy.contains('h1', 'Expense Tracker').should('exist');\n// Check if cards are rendered\ncy.contains('Wallet Balance').should('exist');\ncy.contains('Expenses').should('exist');",
              "err": {},
              "uuid": "10daa145-8c07-4ac9-86c8-95060c77a0b1",
              "parentUUID": "92710206-258c-4a80-acd9-28cbd73dee23",
              "isHook": false,
              "skipped": false
            },
            {
              "title": "Adds an income successfully",
              "fullTitle": "Expense Tracker Tests Adds an income successfully",
              "timedOut": null,
              "duration": 1320,
              "state": "passed",
              "speed": "fast",
              "pass": true,
              "fail": false,
              "pending": false,
              "context": null,
              "code": "// Open Add Income modal\ncy.contains('+ Add Income').click();\n// Fill the form and submit\ncy.get('input[type=\"number\"][placeholder=\"Income Amount\"]').type('2000');\ncy.get('button[type=\"submit\"]').contains('Add Balance').click();\n// Verify that balance is updated\ncy.contains('Wallet Balance').parent().contains('7000'); // Adjust based on initial state",
              "err": {},
              "uuid": "ed8543b9-0292-4e89-b2b0-4a62de458e3b",
              "parentUUID": "92710206-258c-4a80-acd9-28cbd73dee23",
              "isHook": false,
              "skipped": false
            },
            {
              "title": "Displays added expense in the transaction list",
              "fullTitle": "Expense Tracker Tests Displays added expense in the transaction list",
              "timedOut": null,
              "duration": 3640,
              "state": "passed",
              "speed": "fast",
              "pass": true,
              "fail": false,
              "pending": false,
              "context": null,
              "code": "// Open Add Expense modal\ncy.contains('+ Add Expense').click();\n// Fill the form and submit\ncy.get('input[name=\"title\"]').type('Dinner'); // Targeting the title input\ncy.get('input[name=\"price\"]').type('500'); // Targeting the price input\ncy.get('select[name=\"category\"]').select('Food'); // Select category\ncy.get('input[name=\"date\"]').type('2024-12-18'); // Add date (ensure format matches your app)\ncy.get('button[type=\"submit\"]').contains('Add Expense').click();\n// Verify that the transaction is added to the list\ncy.contains('Transactions').should('exist'); // Ensure the Transactions section is present\ncy.contains('Dinner').should('exist'); // Verify that the 'Dinner' transaction appears in the list\ncy.contains('500').should('exist'); // Verify that the amount '500' is displayed in the transaction list\n// for second \ncy.contains('+ Add Expense').click();\n// Fill the form and submit\ncy.get('input[name=\"title\"]').type('Movie Night');\ncy.get('input[name=\"price\"]').type('300');\ncy.get('select[name=\"category\"]').select('Entertainment');\ncy.get('input[name=\"date\"]').type('2024-12-19');\ncy.get('button[type=\"submit\"]').contains('Add Expense').click();\n// Verify that the transaction is added to the list\ncy.contains('Transactions').should('exist'); // Ensure the Transactions section is present\ncy.contains('Movie Night').should('exist'); // Verify that the 'Dinner' transaction appears in the list\ncy.contains('300').should('exist'); // Verify that the amount '500' is displayed in the transaction list\ncy.contains('Wallet Balance').parent().contains('4200'); // Adjust based on initial state",
              "err": {},
              "uuid": "604e4c88-68da-486e-aa6f-a23fdb4229b8",
              "parentUUID": "92710206-258c-4a80-acd9-28cbd73dee23",
              "isHook": false,
              "skipped": false
            },
            {
              "title": "Displays added food and travel expenses in the transaction list",
              "fullTitle": "Expense Tracker Tests Displays added food and travel expenses in the transaction list",
              "timedOut": null,
              "duration": 3712,
              "state": "passed",
              "speed": "fast",
              "pass": true,
              "fail": false,
              "pending": false,
              "context": null,
              "code": "// Add Food Expense\ncy.contains('+ Add Expense').click();\ncy.get('input[name=\"title\"]').type('Lunch');\ncy.get('input[name=\"price\"]').type('200');\ncy.get('select[name=\"category\"]').select('Food');\ncy.get('input[name=\"date\"]').type('2024-12-18');\ncy.get('button[type=\"submit\"]').contains('Add Expense').click();\n// Verify that the Food expense is added\ncy.contains('Transactions').should('exist');\ncy.contains('Lunch').should('exist');\ncy.contains('200').should('exist');\n// Add Travel Expense\ncy.contains('+ Add Expense').click();\ncy.get('input[name=\"title\"]').type('Flight');\ncy.get('input[name=\"price\"]').type('1200');\ncy.get('select[name=\"category\"]').select('Travel');\ncy.get('input[name=\"date\"]').type('2024-12-19');\ncy.get('button[type=\"submit\"]').contains('Add Expense').click();\n// Verify that the Travel expense is added and the updated balance\ncy.contains('Transactions').should('exist');\ncy.contains('Flight').should('exist');\ncy.contains('1200').should('exist');\ncy.contains('Wallet Balance').parent().contains('3600'); // Adjust based on initial state",
              "err": {},
              "uuid": "efaec2d7-25d7-4101-8a01-4e369341012e",
              "parentUUID": "92710206-258c-4a80-acd9-28cbd73dee23",
              "isHook": false,
              "skipped": false
            },
            {
              "title": "Displays added travel and entertainment expenses in the transaction list",
              "fullTitle": "Expense Tracker Tests Displays added travel and entertainment expenses in the transaction list",
              "timedOut": null,
              "duration": 3292,
              "state": "passed",
              "speed": "fast",
              "pass": true,
              "fail": false,
              "pending": false,
              "context": null,
              "code": "// Add Travel Expense\ncy.contains('+ Add Expense').click();\ncy.get('input[name=\"title\"]').type('Hotel Stay');\ncy.get('input[name=\"price\"]').type('1500');\ncy.get('select[name=\"category\"]').select('Travel');\ncy.get('input[name=\"date\"]').type('2024-12-20');\ncy.get('button[type=\"submit\"]').contains('Add Expense').click();\n// Verify that the Travel expense is added\ncy.contains('Transactions').should('exist');\ncy.contains('Hotel Stay').should('exist');\ncy.contains('1500').should('exist');\n// Add Entertainment Expense\ncy.contains('+ Add Expense').click();\ncy.get('input[name=\"title\"]').type('Concert');\ncy.get('input[name=\"price\"]').type('500');\ncy.get('select[name=\"category\"]').select('Entertainment');\ncy.get('input[name=\"date\"]').type('2024-12-21');\ncy.get('button[type=\"submit\"]').contains('Add Expense').click();\n// Verify that the Entertainment expense is added and the updated balance\ncy.contains('Transactions').should('exist');\ncy.contains('Concert').should('exist');\ncy.contains('500').should('exist');\ncy.contains('Wallet Balance').parent().contains('3000'); // Adjust based on initial state",
              "err": {},
              "uuid": "8946d0ee-e356-4906-91a3-76acfc0f188a",
              "parentUUID": "92710206-258c-4a80-acd9-28cbd73dee23",
              "isHook": false,
              "skipped": false
            },
            {
              "title": "Displays added food, travel, and entertainment expenses in the transaction list",
              "fullTitle": "Expense Tracker Tests Displays added food, travel, and entertainment expenses in the transaction list",
              "timedOut": null,
              "duration": 4887,
              "state": "passed",
              "speed": "fast",
              "pass": true,
              "fail": false,
              "pending": false,
              "context": null,
              "code": "// Add Food Expense\ncy.contains('+ Add Expense').click();\ncy.get('input[name=\"title\"]').type('Brunch');\ncy.get('input[name=\"price\"]').type('400');\ncy.get('select[name=\"category\"]').select('Food');\ncy.get('input[name=\"date\"]').type('2024-12-18');\ncy.get('button[type=\"submit\"]').contains('Add Expense').click();\n// Verify that the Food expense is added\ncy.contains('Transactions').should('exist');\ncy.contains('Brunch').should('exist');\ncy.contains('400').should('exist');\n// Add Travel Expense\ncy.contains('+ Add Expense').click();\ncy.get('input[name=\"title\"]').type('Train Ticket');\ncy.get('input[name=\"price\"]').type('1000');\ncy.get('select[name=\"category\"]').select('Travel');\ncy.get('input[name=\"date\"]').type('2024-12-19');\ncy.get('button[type=\"submit\"]').contains('Add Expense').click();\n// Verify that the Travel expense is added\ncy.contains('Transactions').should('exist');\ncy.contains('Train Ticket').should('exist');\ncy.contains('1000').should('exist');\n// Add Entertainment Expense\ncy.contains('+ Add Expense').click();\ncy.get('input[name=\"title\"]').type('Movie Night');\ncy.get('input[name=\"price\"]').type('600');\ncy.get('select[name=\"category\"]').select('Entertainment');\ncy.get('input[name=\"date\"]').type('2024-12-20');\ncy.get('button[type=\"submit\"]').contains('Add Expense').click();\n// Verify that the Entertainment expense is added and the updated balance\ncy.contains('Transactions').should('exist');\ncy.contains('Movie Night').should('exist');\ncy.contains('600').should('exist');\ncy.contains('Wallet Balance').parent().contains('3000'); // Adjust based on initial state",
              "err": {},
              "uuid": "8050ec24-2af9-4d32-a572-90f9d71e865a",
              "parentUUID": "92710206-258c-4a80-acd9-28cbd73dee23",
              "isHook": false,
              "skipped": false
            },
            {
              "title": "Persists data in localStorage",
              "fullTitle": "Expense Tracker Tests Persists data in localStorage",
              "timedOut": null,
              "duration": 3044,
              "state": "passed",
              "speed": "fast",
              "pass": true,
              "fail": false,
              "pending": false,
              "context": null,
              "code": "// Add a transaction\ncy.contains('+ Add Expense').click();\ncy.get('input[name=\"title\"]').type('Gym'); // Correcting input name for consistency\ncy.get('input[name=\"price\"]').type('1000'); // Corrected input name for price\ncy.get('select[name=\"category\"]').select('Entertainment');\ncy.get('input[name=\"date\"]').type('2024-12-20'); // Adding the missing date input\ncy.get('button[type=\"submit\"]').contains('Add Expense').click();\n// Ensure data is persisted in localStorage\ncy.window().then(win => {\n  const localStorageData = win.localStorage.getItem('expenses'); // Assuming data is saved in 'expenses'\n  expect(localStorageData).to.not.be.null; // Ensure something is stored\n  const expenses = JSON.parse(localStorageData);\n  expect(expenses).to.have.length.greaterThan(0); // Ensure that there's at least one expense saved\n});\n// Reload the page\ncy.reload();\n// Check if data persists\ncy.contains('Gym').should('exist');\ncy.contains('1000').should('exist');",
              "err": {},
              "uuid": "05f740f7-80ba-4d89-a8e4-5eb2ee09676c",
              "parentUUID": "92710206-258c-4a80-acd9-28cbd73dee23",
              "isHook": false,
              "skipped": false
            }
          ],
          "suites": [],
          "passes": [
            "c88e4c73-3669-48ac-b47a-9b35ed6f208d",
            "c7042d97-f062-4f4a-ab3a-ea2b5c282f59",
            "eab6661c-f220-47a6-9404-fc4e6a500d40",
            "10daa145-8c07-4ac9-86c8-95060c77a0b1",
            "ed8543b9-0292-4e89-b2b0-4a62de458e3b",
            "604e4c88-68da-486e-aa6f-a23fdb4229b8",
            "efaec2d7-25d7-4101-8a01-4e369341012e",
            "8946d0ee-e356-4906-91a3-76acfc0f188a",
            "8050ec24-2af9-4d32-a572-90f9d71e865a",
            "05f740f7-80ba-4d89-a8e4-5eb2ee09676c"
          ],
          "failures": [
            "2923878b-5748-4bf1-af3c-8a841b4afc1d",
            "3acbdcca-4363-430e-8a92-ef8f438921af"
          ],
          "pending": [],
          "skipped": [],
          "duration": 39517,
          "root": false,
          "rootEmpty": false,
          "_timeout": 2000
        }
      ],
      "passes": [],
      "failures": [],
      "pending": [],
      "skipped": [],
      "duration": 0,
      "root": true,
      "rootEmpty": true,
      "_timeout": 2000
    }
  ],
  "meta": {
    "mocha": {
      "version": "7.0.1"
    },
    "mochawesome": {
      "options": {
        "quiet": false,
        "reportFilename": "mochawesome",
        "saveHtml": true,
        "saveJson": true,
        "consoleReporter": "spec",
        "useInlineDiffs": false,
        "code": true
      },
      "version": "7.1.3"
    },
    "marge": {
      "options": {
        "reportDir": "cypress/reports/mocha",
        "overwrite": false,
        "html": true,
        "json": true
      },
      "version": "6.2.0"
    }
  }
}