{
  "stats": {
    "suites": 1,
    "tests": 12,
    "passes": 12,
    "pending": 0,
    "failures": 0,
    "start": "2025-01-31T07:48:41.877Z",
    "end": "2025-01-31T07:49:11.992Z",
    "duration": 30115,
    "testsRegistered": 12,
    "passPercent": 100,
    "pendingPercent": 0,
    "other": 0,
    "hasOther": false,
    "skipped": 0,
    "hasSkipped": false
  },
  "results": [
    {
      "uuid": "75df3f81-43da-4a54-bda8-520f0cfec6f6",
      "title": "",
      "fullFile": "cypress/e2e/spec.cy.js",
      "file": "cypress/e2e/spec.cy.js",
      "beforeHooks": [],
      "afterHooks": [],
      "tests": [],
      "suites": [
        {
          "uuid": "13adc3e6-afbb-4bc4-83aa-888f43126766",
          "title": "Expense Tracker Tests",
          "fullFile": "",
          "file": "",
          "beforeHooks": [],
          "afterHooks": [],
          "tests": [
            {
              "title": "should load the home page correctly",
              "fullTitle": "Expense Tracker Tests should load the home page correctly",
              "timedOut": null,
              "duration": 6205,
              "state": "passed",
              "speed": "medium",
              "pass": true,
              "fail": false,
              "pending": false,
              "context": null,
              "code": "cy.contains('Expense Tracker'); // Check if the heading is present\ncy.get('h1').should('have.text', 'Expense Tracker');",
              "err": {},
              "uuid": "144ab3a0-0e56-4d3b-8e42-960568a10ca8",
              "parentUUID": "13adc3e6-afbb-4bc4-83aa-888f43126766",
              "isHook": false,
              "skipped": false
            },
            {
              "title": "should display wallet balance and expenses cards",
              "fullTitle": "Expense Tracker Tests should display wallet balance and expenses cards",
              "timedOut": null,
              "duration": 745,
              "state": "passed",
              "speed": "fast",
              "pass": true,
              "fail": false,
              "pending": false,
              "context": null,
              "code": "cy.contains('Wallet Balance'); // Check Wallet Balance card is present\ncy.contains('Expenses'); // Check Expenses card is present",
              "err": {},
              "uuid": "56eaf6c7-d451-4411-a5dc-3ec129e898a7",
              "parentUUID": "13adc3e6-afbb-4bc4-83aa-888f43126766",
              "isHook": false,
              "skipped": false
            },
            {
              "title": "should have a visible header with correct text",
              "fullTitle": "Expense Tracker Tests should have a visible header with correct text",
              "timedOut": null,
              "duration": 523,
              "state": "passed",
              "speed": "fast",
              "pass": true,
              "fail": false,
              "pending": false,
              "context": null,
              "code": "// Check if the header exists and contains the correct text\ncy.get('h1').should('be.visible').and('have.text', 'Expense Tracker');",
              "err": {},
              "uuid": "2a110f27-4b54-42c7-a132-e1d14dc9a8ef",
              "parentUUID": "13adc3e6-afbb-4bc4-83aa-888f43126766",
              "isHook": false,
              "skipped": false
            },
            {
              "title": "should have a button to add income and it should be styled correctly",
              "fullTitle": "Expense Tracker Tests should have a button to add income and it should be styled correctly",
              "timedOut": null,
              "duration": 1195,
              "state": "passed",
              "speed": "fast",
              "pass": true,
              "fail": false,
              "pending": false,
              "context": null,
              "code": "// Check if the Add Income button is present\ncy.contains('+ Add Income').should('be.visible');\n// Check if the button is enabled and clickable\ncy.get('button').contains('+ Add Income').should('not.be.disabled').click();",
              "err": {},
              "uuid": "5d5374eb-7f41-4196-b682-eca94043c13c",
              "parentUUID": "13adc3e6-afbb-4bc4-83aa-888f43126766",
              "isHook": false,
              "skipped": false
            },
            {
              "title": "should be responsive for mobile view",
              "fullTitle": "Expense Tracker Tests should be responsive for mobile view",
              "timedOut": null,
              "duration": 491,
              "state": "passed",
              "speed": "fast",
              "pass": true,
              "fail": false,
              "pending": false,
              "context": null,
              "code": "// Check mobile view (iPhone 6)\ncy.viewport('iphone-6');\n// Ensure key elements are visible in mobile view\ncy.get('h1').should('be.visible');\ncy.contains('+ Add Income').should('be.visible');\ncy.contains('+ Add Expense').should('be.visible');\ncy.contains('Wallet Balance').should('be.visible');\ncy.contains('Expenses').should('be.visible');",
              "err": {},
              "uuid": "872556a7-fcb5-4725-8b0d-5c4d5633cc4d",
              "parentUUID": "13adc3e6-afbb-4bc4-83aa-888f43126766",
              "isHook": false,
              "skipped": false
            },
            {
              "title": "Loads the homepage correctly",
              "fullTitle": "Expense Tracker Tests Loads the homepage correctly",
              "timedOut": null,
              "duration": 646,
              "state": "passed",
              "speed": "fast",
              "pass": true,
              "fail": false,
              "pending": false,
              "context": null,
              "code": "// Check if the title is displayed\ncy.contains('h1', 'Expense Tracker').should('exist');\n// Check if cards are rendered\ncy.contains('Wallet Balance').should('exist');\ncy.contains('Expenses').should('exist');",
              "err": {},
              "uuid": "3d3d8cfc-3421-4296-a1ae-e402e7fc1fda",
              "parentUUID": "13adc3e6-afbb-4bc4-83aa-888f43126766",
              "isHook": false,
              "skipped": false
            },
            {
              "title": "Adds an income successfully",
              "fullTitle": "Expense Tracker Tests Adds an income successfully",
              "timedOut": null,
              "duration": 1529,
              "state": "passed",
              "speed": "fast",
              "pass": true,
              "fail": false,
              "pending": false,
              "context": null,
              "code": "// Open Add Income modal\ncy.contains('+ Add Income').click();\n// Fill the form and submit\ncy.get('input[type=\"number\"][placeholder=\"Income Amount\"]').type('2000');\ncy.get('button[type=\"submit\"]').contains('Add Balance').click();\n// Verify that balance is updated\ncy.contains('Wallet Balance').parent().contains('7000'); // Adjust based on initial state",
              "err": {},
              "uuid": "eecdde7f-d495-4b45-99c7-1b5092bf7753",
              "parentUUID": "13adc3e6-afbb-4bc4-83aa-888f43126766",
              "isHook": false,
              "skipped": false
            },
            {
              "title": "Displays added expense in the transaction list",
              "fullTitle": "Expense Tracker Tests Displays added expense in the transaction list",
              "timedOut": null,
              "duration": 3201,
              "state": "passed",
              "speed": "fast",
              "pass": true,
              "fail": false,
              "pending": false,
              "context": null,
              "code": "// Open Add Expense modal\ncy.contains('+ Add Expense').click();\n// Fill the form and submit\ncy.get('input[name=\"title\"]').type('Dinner'); // Targeting the title input\ncy.get('input[name=\"price\"]').type('500'); // Targeting the price input\ncy.get('select[name=\"category\"]').select('Food'); // Select category\ncy.get('input[name=\"date\"]').type('2024-12-18'); // Add date (ensure format matches your app)\ncy.get('button[type=\"submit\"]').contains('Add Expense').click();\n// Verify that the transaction is added to the list\ncy.contains('Transactions').should('exist'); // Ensure the Transactions section is present\ncy.contains('Dinner').should('exist'); // Verify that the 'Dinner' transaction appears in the list\ncy.contains('500').should('exist'); // Verify that the amount '500' is displayed in the transaction list\n// for second \ncy.contains('+ Add Expense').click();\n// Fill the form and submit\ncy.get('input[name=\"title\"]').type('Movie Night');\ncy.get('input[name=\"price\"]').type('300');\ncy.get('select[name=\"category\"]').select('Entertainment');\ncy.get('input[name=\"date\"]').type('2024-12-19');\ncy.get('button[type=\"submit\"]').contains('Add Expense').click();\n// Verify that the transaction is added to the list\ncy.contains('Transactions').should('exist'); // Ensure the Transactions section is present\ncy.contains('Movie Night').should('exist'); // Verify that the 'Dinner' transaction appears in the list\ncy.contains('300').should('exist'); // Verify that the amount '500' is displayed in the transaction list\ncy.contains('Wallet Balance').parent().contains('4200'); // Adjust based on initial state",
              "err": {},
              "uuid": "27444e6e-9cc8-4e3c-a6bc-06fdbab1eef9",
              "parentUUID": "13adc3e6-afbb-4bc4-83aa-888f43126766",
              "isHook": false,
              "skipped": false
            },
            {
              "title": "Displays added food and travel expenses in the transaction list",
              "fullTitle": "Expense Tracker Tests Displays added food and travel expenses in the transaction list",
              "timedOut": null,
              "duration": 3874,
              "state": "passed",
              "speed": "fast",
              "pass": true,
              "fail": false,
              "pending": false,
              "context": null,
              "code": "// Add Food Expense\ncy.contains('+ Add Expense').click();\ncy.get('input[name=\"title\"]').type('Lunch');\ncy.get('input[name=\"price\"]').type('200');\ncy.get('select[name=\"category\"]').select('Food');\ncy.get('input[name=\"date\"]').type('2024-12-18');\ncy.get('button[type=\"submit\"]').contains('Add Expense').click();\n// Verify that the Food expense is added\ncy.contains('Transactions').should('exist');\ncy.contains('Lunch').should('exist');\ncy.contains('200').should('exist');\n// Add Travel Expense\ncy.contains('+ Add Expense').click();\ncy.get('input[name=\"title\"]').type('Flight');\ncy.get('input[name=\"price\"]').type('1200');\ncy.get('select[name=\"category\"]').select('Travel');\ncy.get('input[name=\"date\"]').type('2024-12-19');\ncy.get('button[type=\"submit\"]').contains('Add Expense').click();\n// Verify that the Travel expense is added and the updated balance\ncy.contains('Transactions').should('exist');\ncy.contains('Flight').should('exist');\ncy.contains('1200').should('exist');\ncy.contains('Wallet Balance').parent().contains('3600'); // Adjust based on initial state",
              "err": {},
              "uuid": "e0a1938b-007a-45c3-a1f4-863ce6c5c1d9",
              "parentUUID": "13adc3e6-afbb-4bc4-83aa-888f43126766",
              "isHook": false,
              "skipped": false
            },
            {
              "title": "Displays added travel and entertainment expenses in the transaction list",
              "fullTitle": "Expense Tracker Tests Displays added travel and entertainment expenses in the transaction list",
              "timedOut": null,
              "duration": 3774,
              "state": "passed",
              "speed": "fast",
              "pass": true,
              "fail": false,
              "pending": false,
              "context": null,
              "code": "// Add Travel Expense\ncy.contains('+ Add Expense').click();\ncy.get('input[name=\"title\"]').type('Hotel Stay');\ncy.get('input[name=\"price\"]').type('1500');\ncy.get('select[name=\"category\"]').select('Travel');\ncy.get('input[name=\"date\"]').type('2024-12-20');\ncy.get('button[type=\"submit\"]').contains('Add Expense').click();\n// Verify that the Travel expense is added\ncy.contains('Transactions').should('exist');\ncy.contains('Hotel Stay').should('exist');\ncy.contains('1500').should('exist');\n// Add Entertainment Expense\ncy.contains('+ Add Expense').click();\ncy.get('input[name=\"title\"]').type('Concert');\ncy.get('input[name=\"price\"]').type('500');\ncy.get('select[name=\"category\"]').select('Entertainment');\ncy.get('input[name=\"date\"]').type('2024-12-21');\ncy.get('button[type=\"submit\"]').contains('Add Expense').click();\n// Verify that the Entertainment expense is added and the updated balance\ncy.contains('Transactions').should('exist');\ncy.contains('Concert').should('exist');\ncy.contains('500').should('exist');\ncy.contains('Wallet Balance').parent().contains('3000'); // Adjust based on initial state",
              "err": {},
              "uuid": "0795a8b5-9b50-406a-9077-d3d4dd0466ce",
              "parentUUID": "13adc3e6-afbb-4bc4-83aa-888f43126766",
              "isHook": false,
              "skipped": false
            },
            {
              "title": "Displays added food, travel, and entertainment expenses in the transaction list",
              "fullTitle": "Expense Tracker Tests Displays added food, travel, and entertainment expenses in the transaction list",
              "timedOut": null,
              "duration": 4770,
              "state": "passed",
              "speed": "fast",
              "pass": true,
              "fail": false,
              "pending": false,
              "context": null,
              "code": "// Add Food Expense\ncy.contains('+ Add Expense').click();\ncy.get('input[name=\"title\"]').type('Brunch');\ncy.get('input[name=\"price\"]').type('400');\ncy.get('select[name=\"category\"]').select('Food');\ncy.get('input[name=\"date\"]').type('2024-12-18');\ncy.get('button[type=\"submit\"]').contains('Add Expense').click();\n// Verify that the Food expense is added\ncy.contains('Transactions').should('exist');\ncy.contains('Brunch').should('exist');\ncy.contains('400').should('exist');\n// Add Travel Expense\ncy.contains('+ Add Expense').click();\ncy.get('input[name=\"title\"]').type('Train Ticket');\ncy.get('input[name=\"price\"]').type('1000');\ncy.get('select[name=\"category\"]').select('Travel');\ncy.get('input[name=\"date\"]').type('2024-12-19');\ncy.get('button[type=\"submit\"]').contains('Add Expense').click();\n// Verify that the Travel expense is added\ncy.contains('Transactions').should('exist');\ncy.contains('Train Ticket').should('exist');\ncy.contains('1000').should('exist');\n// Add Entertainment Expense\ncy.contains('+ Add Expense').click();\ncy.get('input[name=\"title\"]').type('Movie Night');\ncy.get('input[name=\"price\"]').type('600');\ncy.get('select[name=\"category\"]').select('Entertainment');\ncy.get('input[name=\"date\"]').type('2024-12-20');\ncy.get('button[type=\"submit\"]').contains('Add Expense').click();\n// Verify that the Entertainment expense is added and the updated balance\ncy.contains('Transactions').should('exist');\ncy.contains('Movie Night').should('exist');\ncy.contains('600').should('exist');\ncy.contains('Wallet Balance').parent().contains('3000'); // Adjust based on initial state",
              "err": {},
              "uuid": "0a11f5fc-a098-4f89-8e78-c48f198c905e",
              "parentUUID": "13adc3e6-afbb-4bc4-83aa-888f43126766",
              "isHook": false,
              "skipped": false
            },
            {
              "title": "Persists data in localStorage",
              "fullTitle": "Expense Tracker Tests Persists data in localStorage",
              "timedOut": null,
              "duration": 2212,
              "state": "passed",
              "speed": "fast",
              "pass": true,
              "fail": false,
              "pending": false,
              "context": null,
              "code": "// Add a transaction\ncy.contains('+ Add Expense').click();\ncy.get('input[name=\"title\"]').type('Gym'); // Correcting input name for consistency\ncy.get('input[name=\"price\"]').type('1000'); // Corrected input name for price\ncy.get('select[name=\"category\"]').select('Entertainment');\ncy.get('input[name=\"date\"]').type('2024-12-20'); // Adding the missing date input\ncy.get('button[type=\"submit\"]').contains('Add Expense').click();\n// Ensure data is persisted in localStorage\ncy.window().then(win => {\n  const localStorageData = win.localStorage.getItem('expenses'); // Assuming data is saved in 'expenses'\n  expect(localStorageData).to.not.be.null; // Ensure something is stored\n  const expenses = JSON.parse(localStorageData);\n  expect(expenses).to.have.length.greaterThan(0); // Ensure that there's at least one expense saved\n});\n// Reload the page\ncy.reload();\n// Check if data persists\ncy.contains('Gym').should('exist');\ncy.contains('1000').should('exist');",
              "err": {},
              "uuid": "ab938a53-e220-4262-8380-d8a196374c67",
              "parentUUID": "13adc3e6-afbb-4bc4-83aa-888f43126766",
              "isHook": false,
              "skipped": false
            }
          ],
          "suites": [],
          "passes": [
            "144ab3a0-0e56-4d3b-8e42-960568a10ca8",
            "56eaf6c7-d451-4411-a5dc-3ec129e898a7",
            "2a110f27-4b54-42c7-a132-e1d14dc9a8ef",
            "5d5374eb-7f41-4196-b682-eca94043c13c",
            "872556a7-fcb5-4725-8b0d-5c4d5633cc4d",
            "3d3d8cfc-3421-4296-a1ae-e402e7fc1fda",
            "eecdde7f-d495-4b45-99c7-1b5092bf7753",
            "27444e6e-9cc8-4e3c-a6bc-06fdbab1eef9",
            "e0a1938b-007a-45c3-a1f4-863ce6c5c1d9",
            "0795a8b5-9b50-406a-9077-d3d4dd0466ce",
            "0a11f5fc-a098-4f89-8e78-c48f198c905e",
            "ab938a53-e220-4262-8380-d8a196374c67"
          ],
          "failures": [],
          "pending": [],
          "skipped": [],
          "duration": 29165,
          "root": false,
          "rootEmpty": false,
          "_timeout": 2000
        }
      ],
      "passes": [],
      "failures": [],
      "pending": [],
      "skipped": [],
      "duration": 0,
      "root": true,
      "rootEmpty": true,
      "_timeout": 2000
    }
  ],
  "meta": {
    "mocha": {
      "version": "7.0.1"
    },
    "mochawesome": {
      "options": {
        "quiet": false,
        "reportFilename": "mochawesome",
        "saveHtml": true,
        "saveJson": true,
        "consoleReporter": "spec",
        "useInlineDiffs": false,
        "code": true
      },
      "version": "7.1.3"
    },
    "marge": {
      "options": {
        "reportDir": "cypress/reports/mocha",
        "overwrite": false,
        "html": true,
        "json": true
      },
      "version": "6.2.0"
    }
  }
}